<?xml version="1.0" encoding="UTF-8"?>
<!-- Generated by org.testng.reporters.JUnitXMLReporter -->
<testsuite ignored="12" hostname="DESKTOP-P55NFCV" failures="0" tests="1" name="Default test" time="20.202" errors="0" timestamp="2024-02-16T10:15:50 EST">
  <testcase classname="com.automation.Feb_14_2024_Day22_WebTables.RediffWebTable_Assignment" name="FindPriceOfCompanyIn_the_Specefic_Row" time="0.838"/>
  <testcase classname="com.automation.Feb_14_2024_Day22_WebTables.RediffWebTable_Assignment" name="printAllCompanyNames_WithforEachloop" time="0.0">
    <ignored/>
  </testcase> <!-- printAllCompanyNames_WithforEachloop -->
  <testcase classname="com.automation.Feb_14_2024_Day22_WebTables.RediffWebTable_Assignment" name="Assignment8" time="0.0">
    <ignored/>
  </testcase> <!-- Assignment8 -->
  <testcase classname="com.automation.Feb_14_2024_Day22_WebTables.RediffWebTable_Assignment" name="Print_Rownumber_Name_and_CurrentPrice" time="0.0">
    <ignored/>
  </testcase> <!-- Print_Rownumber_Name_and_CurrentPrice -->
  <testcase classname="com.automation.Feb_14_2024_Day22_WebTables.RediffWebTable_Assignment" name="Assignment5" time="0.0">
    <ignored/>
  </testcase> <!-- Assignment5 -->
  <testcase classname="com.automation.Feb_14_2024_Day22_WebTables.RediffWebTable_Assignment" name="PrintTotalcurrentPrice" time="0.0">
    <ignored/>
  </testcase> <!-- PrintTotalcurrentPrice -->
  <testcase classname="com.automation.Feb_14_2024_Day22_WebTables.RediffWebTable_Assignment" name="Assignment7" time="0.0">
    <ignored/>
  </testcase> <!-- Assignment7 -->
  <testcase classname="com.automation.Feb_14_2024_Day22_WebTables.RediffWebTable_Assignment" name="PrintAllCompanyNames_WithForLoop" time="0.0">
    <ignored/>
  </testcase> <!-- PrintAllCompanyNames_WithForLoop -->
  <testcase classname="com.automation.Feb_14_2024_Day22_WebTables.RediffWebTable_Assignment" name="findPriceOfCompanyIn10thRow" time="0.0">
    <ignored/>
  </testcase> <!-- findPriceOfCompanyIn10thRow -->
  <testcase classname="com.automation.Feb_14_2024_Day22_WebTables.RediffWebTable_Assignment" name="PrintTotalcompanylisted" time="0.0">
    <ignored/>
  </testcase> <!-- PrintTotalcompanylisted -->
  <testcase classname="com.automation.Feb_14_2024_Day22_WebTables.RediffWebTable_Assignment" name="Assignment6" time="0.0">
    <ignored/>
  </testcase> <!-- Assignment6 -->
  <testcase classname="com.automation.Feb_14_2024_Day22_WebTables.RediffWebTable_Assignment" name="FindPriceOfCompanyIn_the_Particular_Row" time="0.0">
    <ignored/>
  </testcase> <!-- FindPriceOfCompanyIn_the_Particular_Row -->
  <testcase classname="com.automation.Feb_14_2024_Day22_WebTables.RediffWebTable_Assignment" name="Print_Name_and_CurrentPrice" time="0.0">
    <ignored/>
  </testcase> <!-- Print_Name_and_CurrentPrice -->
</testsuite> <!-- Default test -->
