<?xml version="1.0" encoding="UTF-8"?>
<!-- Generated by org.testng.reporters.JUnitXMLReporter -->
<testsuite ignored="0" hostname="DESKTOP-P55NFCV" failures="0" tests="10" name="Default test" time="130.942" errors="0" timestamp="2024-01-02T08:28:47 EST">
  <testcase classname="com.TestNG.Dec_27_2023_Day9_TestNG.RunATestMultipleTimes" name="openBrowser" time="28.873"/>
  <testcase classname="com.TestNG.Dec_27_2023_Day9_TestNG.RunATestMultipleTimes" name="openBrowser" time="10.655"/>
  <testcase classname="com.TestNG.Dec_27_2023_Day9_TestNG.RunATestMultipleTimes" name="openBrowser" time="13.191"/>
  <testcase classname="com.TestNG.Dec_27_2023_Day9_TestNG.RunATestMultipleTimes" name="openBrowser" time="9.731"/>
  <testcase classname="com.TestNG.Dec_27_2023_Day9_TestNG.RunATestMultipleTimes" name="openBrowser" time="9.281"/>
  <testcase classname="com.TestNG.Dec_27_2023_Day9_TestNG.RunATestMultipleTimes" name="openBrowser" time="12.501"/>
  <testcase classname="com.TestNG.Dec_27_2023_Day9_TestNG.RunATestMultipleTimes" name="openBrowser" time="9.878"/>
  <testcase classname="com.TestNG.Dec_27_2023_Day9_TestNG.RunATestMultipleTimes" name="openBrowser" time="9.917"/>
  <testcase classname="com.TestNG.Dec_27_2023_Day9_TestNG.RunATestMultipleTimes" name="openBrowser" time="9.258"/>
  <testcase classname="com.TestNG.Dec_27_2023_Day9_TestNG.RunATestMultipleTimes" name="openBrowser" time="10.277"/>
</testsuite> <!-- Default test -->
