<?xml version="1.0" encoding="UTF-8"?>
<!-- Generated by org.testng.reporters.JUnitXMLReporter -->
<testsuite ignored="6" hostname="DESKTOP-P55NFCV" failures="1" tests="6" name="TutorialsNinja Test" time="111.752" errors="0" timestamp="2024-01-15T16:43:08 EST">
  <testcase classname="com.TestNG.Jan_13_Day14_TestNG_testing.Xml.RegisterTest" name="VerifyingRegisterWithMandatoryFields" time="3.249"/>
  <testcase classname="com.TestNG.Jan_13_Day14_TestNG_testing.Xml.RegisterTest" name="VerifyingRegisterWithExistingEmail" time="1.726">
    <failure type="java.lang.AssertionError" message="expected [true] but found [false]">
      <![CDATA[java.lang.AssertionError: expected [true] but found [false]
at com.TestNG.Jan_13_Day14_TestNG_testing.Xml.RegisterTest.VerifyingRegisterWithExistingEmail(RegisterTest.java:72)
at java.base/java.util.ArrayList.forEach(ArrayList.java:1511)
... Removed 31 stack frames]]>
    </failure>
  </testcase> <!-- VerifyingRegisterWithExistingEmail -->
  <testcase classname="com.TestNG.Jan_13_Day14_TestNG_testing.Xml.RegisterTest" name="VerifyingRegisterWithNoFields" time="0.962"/>
  <testcase classname="com.TestNG.Jan_13_Day14_TestNG_testing.Xml.LoginTest" name="verifyLoginWithValidCredentials" time="1.683"/>
  <testcase classname="com.TestNG.Jan_13_Day14_TestNG_testing.Xml.LoginTest" name="verifyLoginWithInvalidCredentials" time="1.174"/>
  <testcase classname="com.TestNG.Jan_13_Day14_TestNG_testing.Xml.SearchProductTest" name="verifySearchWithValidProduct" time="1.081"/>
  <testcase classname="com.TestNG.Jan_13_Day14_TestNG_testing.Xml.RegisterTest" name="VerifyingRegisterWithAllFields" time="0.0">
    <ignored/>
  </testcase> <!-- VerifyingRegisterWithAllFields -->
  <testcase classname="com.TestNG.Jan_13_Day14_TestNG_testing.Xml.LoginTest" name="verifyLoginWitNoCredentials" time="0.0">
    <ignored/>
  </testcase> <!-- verifyLoginWitNoCredentials -->
  <testcase classname="com.TestNG.Jan_13_Day14_TestNG_testing.Xml.LoginTest" name="verifyLoginWithInvalidEmailValidPassword" time="0.0">
    <ignored/>
  </testcase> <!-- verifyLoginWithInvalidEmailValidPassword -->
  <testcase classname="com.TestNG.Jan_13_Day14_TestNG_testing.Xml.LoginTest" name="verifyLoginWithValidEmailInvalidPassword" time="0.0">
    <ignored/>
  </testcase> <!-- verifyLoginWithValidEmailInvalidPassword -->
  <testcase classname="com.TestNG.Jan_13_Day14_TestNG_testing.Xml.SearchProductTest" name="verifySearchWithInvalidProduct" time="0.0">
    <ignored/>
  </testcase> <!-- verifySearchWithInvalidProduct -->
  <testcase classname="com.TestNG.Jan_13_Day14_TestNG_testing.Xml.SearchProductTest" name="verifySearchWithNoProduct" time="0.0">
    <ignored/>
  </testcase> <!-- verifySearchWithNoProduct -->
</testsuite> <!-- TutorialsNinja Test -->
