<?xml version="1.0" encoding="UTF-8"?>
<!-- Generated by org.testng.reporters.JUnitXMLReporter -->
<testsuite ignored="0" hostname="DESKTOP-P55NFCV" failures="1" tests="1" name="Test" time="29.384" errors="0" timestamp="2024-01-28T19:35:28 EST">
  <testcase classname="com.TestNG.Jan_13_Day14_TestNG_testing.Xml.Parameterization_Using_TestNGxml_File" name="verifyLoginWithValidCredentials" time="27.281">
    <failure type="java.lang.AssertionError" message="expected [false] but found [true]">
      <![CDATA[java.lang.AssertionError: expected [false] but found [true]
at com.TestNG.Jan_13_Day14_TestNG_testing.Xml.Parameterization_Using_TestNGxml_File.verifyLoginWithValidCredentials(Parameterization_Using_TestNGxml_File.java:42)
at java.base/java.util.ArrayList.forEach(ArrayList.java:1511)
... Removed 35 stack frames]]>
    </failure>
  </testcase> <!-- verifyLoginWithValidCredentials -->
</testsuite> <!-- Test -->
