<?xml version="1.0" encoding="UTF-8"?>
<testng-results ignored="0" total="1" passed="1" failed="0" skipped="0">
  <reporter-output>
  </reporter-output>
  <suite started-at="2024-01-15T18:54:19 EST" name="Suite" finished-at="2024-01-15T18:54:32 EST" duration-ms="13151">
    <groups>
    </groups>
    <test started-at="2024-01-15T18:54:19 EST" name="Test" finished-at="2024-01-15T18:54:32 EST" duration-ms="13151">
      <class name="com.TestNG.Jan_13_Day14_TestNG_testing.Xml.Parameterization_Using_TestNGxml_File">
        <test-method signature="verifyLoginWithValidCredentials(java.lang.String,java.lang.String,java.lang.String)[pri:1, instance:com.TestNG.Jan_13_Day14_TestNG_testing.Xml.Parameterization_Using_TestNGxml_File@3012646b]" started-at="2024-01-15T18:54:19 EST" name="verifyLoginWithValidCredentials" finished-at="2024-01-15T18:54:32 EST" duration-ms="12634" status="PASS">
          <params>
            <param index="0">
              <value>
                <![CDATA[https://tutorialsninja.com/demo]]>
              </value>
            </param>
            <param index="1">
              <value>
                <![CDATA[seleniumpanda@gmail.com]]>
              </value>
            </param>
            <param index="2">
              <value>
                <![CDATA[Selenium@123]]>
              </value>
            </param>
          </params>
          <reporter-output>
          </reporter-output>
        </test-method> <!-- verifyLoginWithValidCredentials -->
        <test-method is-config="true" signature="tearDown()[pri:0, instance:com.TestNG.Jan_13_Day14_TestNG_testing.Xml.Parameterization_Using_TestNGxml_File@3012646b]" started-at="2024-01-15T18:54:32 EST" name="tearDown" finished-at="2024-01-15T18:54:32 EST" duration-ms="414" status="PASS">
          <reporter-output>
          </reporter-output>
        </test-method> <!-- tearDown -->
      </class> <!-- com.TestNG.Jan_13_Day14_TestNG_testing.Xml.Parameterization_Using_TestNGxml_File -->
    </test> <!-- Test -->
  </suite> <!-- Suite -->
</testng-results>
